Arguments: 
  C:\Program Files\nodejs\node.exe C:\Program Files\nodejs\node_global\node_modules\yarn\bin\yarn.js dev

PATH: 
  C:\Program Files (x86)\Razer Chroma SDK\bin;C:\Program Files\Razer Chroma SDK\bin;C:\Program Files (x86)\Razer\ChromaBroadcast\bin;C:\Program Files\Razer\ChromaBroadcast\bin;C:\Windows\system32;C:\Windows;C:\Windows\System32\Wbem;C:\Windows\System32\WindowsPowerShell\v1.0\;C:\Windows\System32\OpenSSH\;C:\Program Files (x86)\NVIDIA Corporation\PhysX\Common;C:\Program Files\NVIDIA Corporation\NVIDIA NvDLISR;C:\Program Files\Git\cmd;C:\Program Files\Bandizip\;C:\Windows\system32\config\systemprofile\AppData\Local\Microsoft\WindowsApps;;;C:\Program Files (x86)\Tencent\微信web开发者工具\dll;D:\Program Files (x86)\Tencent\微信web开发者工具\dll;C:\Program Files\nodejs\;C:\Users\Lo_Q\AppData\Local\Programs\Python\Python311\Scripts\;C:\Users\Lo_Q\AppData\Local\Programs\Python\Python311\;C:\Program Files\MySQL\MySQL Shell 8.0\bin\;C:\Users\Lo_Q\AppData\Local\Microsoft\WindowsApps;C:\Users\Lo_Q\AppData\Local\Programs\Microsoft VS Code\bin;C:\Program Files\mysql\bin;C:\Program Files\nodejs\node_modules;C:\Program Files\nodejs\node_global;C:\Program Files\MongoDB\Server\5.0\bin;C:\Program Files\Docker\Docker;D:\develop\Redis;C:\Users\Lo_Q\AppData\Roaming\npm

Yarn version: 
  1.22.19

Node version: 
  18.17.1

Platform: 
  win32 x64

Trace: 
  SyntaxError: D:\test\react\js\douban\backend\package.json: Unexpected token } in JSON at position 396
      at JSON.parse (<anonymous>)
      at C:\Program Files\nodejs\node_global\node_modules\yarn\lib\cli.js:1629:59
      at Generator.next (<anonymous>)
      at step (C:\Program Files\nodejs\node_global\node_modules\yarn\lib\cli.js:310:30)
      at C:\Program Files\nodejs\node_global\node_modules\yarn\lib\cli.js:321:13

npm manifest: 
  {
    "name": "backend",
    "version": "1.0.0",
    "main": "index.js",
    "type": "module",
    "scripts": {
      "dev": "nodemon index.js"
    },
    "author": "",
    "license": "ISC",
    "description": "",
    "dependencies": {
      "bcryptjs": "^2.4.3",
      "cors": "^2.8.5",
      "dotenv": "^16.3.1",
      "express": "^4.18.2",
      "jsonwebtoken": "^9.0.2",
      "mysql": "^2.18.1",
      "nodemon": "^3.0.1"
    },
  }

yarn manifest: 
  No manifest

Lockfile: 
  No lockfile
